<?xml version="1.0" encoding="utf-8"?><testsuites name="pytest tests"><testsuite name="pytest" errors="0" failures="0" skipped="0" tests="38" time="17.871" timestamp="2026-07-21T19:25:12.143928+00:00" hostname="mj"><testcase classname="tests.safety.test_kill_switch_recovery_boundary" name="test_kill_002_has_no_automatic_ai_or_unauthenticated_recovery" time="0.001" /><testcase classname="tests.safety.test_kill_switch_recovery_boundary" name="test_kill_002_scans_every_executable_config_and_tool_registry_for_recovery_writer" time="0.401" /><testcase classname="tests.safety.test_kill_switch_recovery_boundary" name="test_kill_002_attempt_keeps_postgres_active[timer]" time="7.254" /><testcase classname="tests.safety.test_kill_switch_recovery_boundary" name="test_kill_002_attempt_keeps_postgres_active[ai]" time="0.019" /><testcase classname="tests.safety.test_kill_switch_recovery_boundary" name="test_kill_002_attempt_keeps_postgres_active[process_restart]" time="4.157" /><testcase classname="tests.safety.test_kill_switch_recovery_boundary" name="test_kill_002_attempt_keeps_postgres_active[redis_expiry]" time="3.516" /><testcase classname="tests.safety.test_kill_switch_recovery_boundary" name="test_kill_002_attempt_keeps_postgres_active[unauthenticated_actor]" time="0.953" /><testcase classname="tests.safety.test_market_data_source" name="test_market_data_source_is_exact_and_fail_closed" time="0.001" /><testcase classname="tests.safety.test_phase3_evidence_capabilities" name="test_evidence_worker_has_no_network_or_later_phase_capability" time="0.001" /><testcase classname="tests.safety.test_phase3_evidence_capabilities" name="test_phase_three_registers_only_the_approved_evidence_command_route" time="0.029" /><testcase classname="tests.safety.test_phase4_paper_boundaries" name="test_phase_four_has_no_active_paper_route_or_network_ingress" time="0.003" /><testcase classname="tests.safety.test_phase4_paper_boundaries" name="test_phase_four_settings_fail_closed_outside_exact_paper[None]" time="0.001" /><testcase classname="tests.safety.test_phase4_paper_boundaries" name="test_phase_four_settings_fail_closed_outside_exact_paper[]" time="0.001" /><testcase classname="tests.safety.test_phase4_paper_boundaries" name="test_phase_four_settings_fail_closed_outside_exact_paper[live]" time="0.001" /><testcase classname="tests.safety.test_phase4_paper_boundaries" name="test_phase_four_settings_fail_closed_outside_exact_paper[testnet]" time="0.001" /><testcase classname="tests.safety.test_phase4_paper_boundaries" name="test_phase_four_settings_fail_closed_outside_exact_paper[PAPER]" time="0.000" /><testcase classname="tests.safety.test_phase4_paper_boundaries" name="test_phase_four_settings_reject_credential_vocabulary" time="0.001" /><testcase classname="tests.safety.test_phase4_paper_boundaries" name="test_public_symbol_rule_projection_is_hash_bound_and_derives_adopted_rules" time="0.001" /><testcase classname="tests.safety.test_phase5_risk_boundaries" name="test_phase_five_dormancy_is_activated_only_at_the_phase_seven_browser_boundary" time="0.001" /><testcase classname="tests.safety.test_phase5_risk_boundaries" name="test_risk_engine_has_no_network_exchange_secret_or_ai_capability" time="0.014" /><testcase classname="tests.safety.test_phase5_risk_boundaries" name="test_phase_seven_contracts_preserve_the_phase_five_dormant_boundary" time="0.001" /><testcase classname="tests.safety.test_phase6_agent_boundaries" name="test_sec_002_agent_has_no_execution_or_exchange_capability" time="0.014" /><testcase classname="tests.safety.test_phase6_agent_boundaries" name="test_sec_002_phase7_api_exposes_analysis_command_without_ai_execution_capability" time="0.001" /><testcase classname="tests.safety.test_phase6_agent_boundaries" name="test_sec_001_has_no_real_provider_or_secret_configuration" time="0.002" /><testcase classname="tests.safety.test_phase6_agent_boundaries" name="test_ai_002_contract_requires_evidence_and_temporal_bounds" time="0.001" /><testcase classname="tests.safety.test_phase6_agent_boundaries" name="test_ai_002_orphan_and_future_claims_hold" time="0.003" /><testcase classname="tests.safety.test_phase7_audit_browser_projection" name="test_browser_audit_projection_recursively_removes_nonce_and_binding_material" time="0.000" /><testcase classname="tests.safety.test_phase8_quality_harness" name="test_phase_quality_policy_rejects_malformed_phase_values_without_writes" time="0.041" /><testcase classname="tests.safety.test_phase8_quality_harness" name="test_phase8_unsupported_evidence_target_fails_before_p7_artifact_writes" time="0.056" /><testcase classname="tests.safety.test_phase_contract_pointer" name="test_phase_acceptance_contract_runtime_pointers_resolve_to_real_headings" time="0.001" /><testcase classname="tests.safety.test_phase_one_boundaries" name="test_safe_001_rejects_non_paper_modes_before_startup[None]" time="0.000" /><testcase classname="tests.safety.test_phase_one_boundaries" name="test_safe_001_rejects_non_paper_modes_before_startup[]" time="0.000" /><testcase classname="tests.safety.test_phase_one_boundaries" name="test_safe_001_rejects_non_paper_modes_before_startup[live]" time="0.001" /><testcase classname="tests.safety.test_phase_one_boundaries" name="test_safe_001_rejects_non_paper_modes_before_startup[testnet]" time="0.000" /><testcase classname="tests.safety.test_phase_one_boundaries" name="test_safe_001_rejects_non_paper_modes_before_startup[unknown]" time="0.000" /><testcase classname="tests.safety.test_redaction" name="test_safe_005_redacts_nested_sensitive_values" time="0.000" /><testcase classname="tests.safety.test_redaction" name="test_safe_005_redacts_common_header_and_provider_secret_variants" time="0.000" /><testcase classname="tests.safety.test_redaction" name="test_safe_005_redacts_camel_case_provider_and_header_variants" time="0.000" /></testsuite></testsuites>