<?xml version="1.0" encoding="utf-8"?><testsuites name="pytest tests"><testsuite name="pytest" errors="0" failures="0" skipped="0" tests="2" time="1.004" timestamp="2026-07-21T19:25:32.104357+00:00" hostname="mj"><testcase classname="tests.safety.test_phase3_evidence_capabilities" name="test_evidence_worker_has_no_network_or_later_phase_capability" time="0.002" /><testcase classname="tests.safety.test_phase3_evidence_capabilities" name="test_phase_three_registers_only_the_approved_evidence_command_route" time="0.028" /></testsuite></testsuites>