<?xml version="1.0" encoding="utf-8"?><testsuites name="pytest tests"><testsuite name="pytest" errors="0" failures="0" skipped="0" tests="7" time="16.764" timestamp="2026-07-21T19:25:41.876396+00:00" hostname="mj"><testcase classname="tests.safety.test_kill_switch_recovery_boundary" name="test_kill_002_has_no_automatic_ai_or_unauthenticated_recovery" time="0.001" /><testcase classname="tests.safety.test_kill_switch_recovery_boundary" name="test_kill_002_scans_every_executable_config_and_tool_registry_for_recovery_writer" time="1.148" /><testcase classname="tests.safety.test_kill_switch_recovery_boundary" name="test_kill_002_attempt_keeps_postgres_active[timer]" time="6.652" /><testcase classname="tests.safety.test_kill_switch_recovery_boundary" name="test_kill_002_attempt_keeps_postgres_active[ai]" time="0.009" /><testcase classname="tests.safety.test_kill_switch_recovery_boundary" name="test_kill_002_attempt_keeps_postgres_active[process_restart]" time="3.651" /><testcase classname="tests.safety.test_kill_switch_recovery_boundary" name="test_kill_002_attempt_keeps_postgres_active[redis_expiry]" time="3.438" /><testcase classname="tests.safety.test_kill_switch_recovery_boundary" name="test_kill_002_attempt_keeps_postgres_active[unauthenticated_actor]" time="1.240" /></testsuite></testsuites>