<?xml version="1.0" encoding="utf-8"?><testsuites name="pytest tests"><testsuite name="pytest" errors="0" failures="0" skipped="0" tests="2" time="0.030" timestamp="2026-07-21T19:25:37.299813+00:00" hostname="mj"><testcase classname="tests.safety.test_phase4_paper_boundaries" name="test_phase_four_has_no_active_paper_route_or_network_ingress" time="0.002" /><testcase classname="tests.safety.test_phase4_paper_boundaries" name="test_phase_four_settings_reject_credential_vocabulary" time="0.000" /></testsuite></testsuites>