<?xml version="1.0" encoding="utf-8"?><testsuites name="pytest tests"><testsuite name="pytest" errors="0" failures="0" skipped="0" tests="15" time="0.399" timestamp="2026-07-21T19:25:34.879606+00:00" hostname="mj"><testcase classname="tests.unit.test_evidence_builder" name="test_pti_003_missing_raw_id_cannot_enter_evidence" time="0.001" /><testcase classname="tests.unit.test_evidence_builder" name="test_pti_003_stale_collector_fails_closed" time="0.000" /><testcase classname="tests.unit.test_evidence_builder" name="test_pti_003_watermark_binds_each_approved_kline_stream[1m]" time="0.000" /><testcase classname="tests.unit.test_evidence_builder" name="test_pti_003_watermark_binds_each_approved_kline_stream[5m]" time="0.000" /><testcase classname="tests.unit.test_evidence_builder" name="test_pti_003_watermark_binds_each_approved_kline_stream[1h]" time="0.000" /><testcase classname="tests.unit.test_evidence_builder" name="test_pti_003_watermark_binds_each_approved_kline_stream[4h]" time="0.000" /><testcase classname="tests.unit.test_evidence_builder" name="test_pti_003_raw_stream_mismatch_fails_closed" time="0.000" /><testcase classname="tests.unit.test_evidence_builder" name="test_pti_003_incomplete_watermark_fails_closed" time="0.000" /><testcase classname="tests.unit.test_phase7_agent_risk_services" name="test_unhealthy_or_future_evidence_persists_audited_hold_without_proposal" time="0.003" /><testcase classname="tests.unit.test_evidence_builder" name="test_builder_fails_closed_when_an_interval_has_no_complete_window" time="0.001" /><testcase classname="tests.unit.test_evidence_builder" name="test_builder_rejects_a_terminal_window_that_is_stale_at_the_cutoffs" time="0.001" /><testcase classname="tests.unit.test_evidence_builder" name="test_builder_rejects_every_non_healthy_quality[degraded]" time="0.001" /><testcase classname="tests.unit.test_evidence_builder" name="test_builder_rejects_every_non_healthy_quality[stale]" time="0.001" /><testcase classname="tests.unit.test_evidence_builder" name="test_builder_rejects_every_non_healthy_quality[invalid]" time="0.001" /><testcase classname="tests.unit.test_evidence_builder" name="test_builder_rejects_every_non_healthy_quality[reconnecting]" time="0.000" /></testsuite></testsuites>