<?xml version="1.0" encoding="utf-8"?><testsuites name="pytest tests"><testsuite name="pytest" errors="0" failures="0" skipped="0" tests="3" time="0.028" timestamp="2026-07-21T19:25:39.611106+00:00" hostname="mj"><testcase classname="tests.safety.test_phase5_risk_boundaries" name="test_phase_five_dormancy_is_activated_only_at_the_phase_seven_browser_boundary" time="0.001" /><testcase classname="tests.safety.test_phase5_risk_boundaries" name="test_risk_engine_has_no_network_exchange_secret_or_ai_capability" time="0.009" /><testcase classname="tests.safety.test_phase5_risk_boundaries" name="test_phase_seven_contracts_preserve_the_phase_five_dormant_boundary" time="0.001" /></testsuite></testsuites>