<?xml version="1.0" encoding="utf-8"?><testsuites name="pytest tests"><testsuite name="pytest" errors="0" failures="0" skipped="0" tests="2" time="0.172" timestamp="2026-07-21T19:26:02.817676+00:00" hostname="mj"><testcase classname="tests.safety.test_phase6_agent_boundaries" name="test_sec_002_agent_has_no_execution_or_exchange_capability" time="0.009" /><testcase classname="tests.safety.test_phase6_agent_boundaries" name="test_sec_002_phase7_api_exposes_analysis_command_without_ai_execution_capability" time="0.001" /></testsuite></testsuites>